<?xml version="1.0" encoding="UTF-8"?>
<testng-results ignored="0" total="2" passed="2" failed="0" skipped="0">
  <reporter-output>
  </reporter-output>
  <suite started-at="2023-12-01T08:19:10 IST" name="Suite" finished-at="2023-12-01T08:20:00 IST" duration-ms="49790">
    <groups>
    </groups>
    <test started-at="2023-12-01T08:19:10 IST" name="Test" finished-at="2023-12-01T08:20:00 IST" duration-ms="49790">
      <class name="mypackage.testNG">
        <test-method is-config="true" signature="multipleBroswers(java.lang.String)[pri:0, instance:mypackage.testNG@327514f]" started-at="2023-12-01T08:19:10 IST" name="multipleBroswers" finished-at="2023-12-01T08:19:12 IST" duration-ms="1610" status="PASS">
          <params>
            <param index="0">
              <value>
                <![CDATA[chrome]]>
              </value>
            </param>
          </params>
          <reporter-output>
          </reporter-output>
        </test-method> <!-- multipleBroswers -->
        <test-method signature="contactInfoTest()[pri:0, instance:mypackage.testNG@327514f]" started-at="2023-12-01T08:19:12 IST" name="contactInfoTest" finished-at="2023-12-01T08:19:12 IST" duration-ms="10" status="PASS">
          <reporter-output>
          </reporter-output>
        </test-method> <!-- contactInfoTest -->
        <test-method signature="test()[pri:0, instance:mypackage.testNG@327514f]" started-at="2023-12-01T08:19:12 IST" name="test" finished-at="2023-12-01T08:20:00 IST" duration-ms="48119" status="PASS">
          <reporter-output>
          </reporter-output>
        </test-method> <!-- test -->
      </class> <!-- mypackage.testNG -->
    </test> <!-- Test -->
  </suite> <!-- Suite -->
</testng-results>
